<?xml version="1.0" encoding="UTF-8"?>
<!-- Generated by org.testng.reporters.JUnitReportReporter -->
<testsuite skipped="0" hostname="LAPTOP-MKPDLJEP" name="package1.MainClass" tests="1" failures="0" timestamp="2019-10-12T02:59:11 PDT" time="17.851" errors="0">
  <testcase name="mainClass" time="17.851" classname="package1.MainClass"/>
</testsuite> <!-- package1.MainClass -->
